#
# A fatal error has been detected by the Java Runtime Environment:
#
#  SIGSEGV (0xb) at pc=0x00007f0cdd0699fa, pid=7539, tid=0x00007f0c96032700
#
# JRE version: OpenJDK Runtime Environment (8.0_171-b11) (build 1.8.0_171-8u171-b11-0ubuntu0.16.04.1-b11)
# Java VM: OpenJDK 64-Bit Server VM (25.171-b11 mixed mode linux-amd64 compressed oops)
# Problematic frame:
# v  ~BufferBlob::jni_fast_GetLongField
#
# Failed to write core dump. Core dumps have been disabled. To enable core dumping, try "ulimit -c unlimited" before starting Java again
#
# If you would like to submit a bug report, please visit:
#   http://bugreport.java.com/bugreport/crash.jsp
# The crash happened outside the Java Virtual Machine in native code.
# See problematic frame for where to report the bug.
#

---------------  T H R E A D  ---------------

Current thread (0x00007f0cec302000):  JavaThread "AWT-XAWT" daemon [_thread_in_native, id=7582, stack(0x00007f0c95f32000,0x00007f0c96033000)]

siginfo: si_signo: 11 (SIGSEGV), si_code: 1 (SEGV_MAPERR), si_addr: 0x0000000000000000

Registers:
RAX=0x00007f0cf5062040, RBX=0x00007f0cec3021e0, RCX=0x0000000000000000, RDX=0x0000000000000042
RSP=0x00007f0c96031838, RBP=0x00007f0c96031860, RSI=0x0000000000000000, RDI=0x00007f0cec3021e0
R8 =0x0000000000000320, R9 =0x0000000000000000, R10=0x000000000000010e, R11=0x00007f0cdd388618
R12=0x00007f0c7c00ebd0, R13=0x0000000000000000, R14=0x00007f0ccc30db00, R15=0x00007f0cec302000
RIP=0x00007f0cdd0699fa, EFLAGS=0x0000000000010246, CSGSFS=0x002b000000000033, ERR=0x0000000000000004
  TRAPNO=0x000000000000000e

Top of Stack: (sp=0x00007f0c96031838)
0x00007f0c96031838:   00007f0ccc0eb094 00007f0cf152e390
0x00007f0c96031848:   00007f0c7c00ebd0 00007f0c96031910
0x00007f0c96031858:   00007f0c960318e0 0000000000000000
0x00007f0c96031868:   00007f0c97b183c0 00007f0cf152e390
0x00007f0c96031878:   00007f0c960318a0 0000000000000000
0x00007f0c96031888:   00007f0c97b0ff93 00007f0c96031910
0x00007f0c96031898:   00007f0ccc0e2e0f 00007f0c960318f0
0x00007f0c960318a8:   00007f0cdd3886b6 0000000000000000
0x00007f0c960318b8:   00007f0cdd3066b6 00007f0c96031910
0x00007f0c960318c8:   00007f0cdd17866c 00007f0c96031970
0x00007f0c960318d8:   00000000d79b1b80 00000000d79b7028
0x00007f0c960318e8:   0000000000000001 00007f0c96031970
0x00007f0c960318f8:   00007f0cdd0077d0 00007f0c96031970
0x00007f0c96031908:   00007f0cdd0077d0 0000000000000000
0x00007f0c96031918:   00007f0cdd007b10 00007f0c84000e30
0x00007f0c96031928:   00000000d7a84dd8 00007f0c96031930
0x00007f0c96031938:   00007f0cf1517c9c 00007f0c960319b8
0x00007f0c96031948:   00007f0cf1520e78 0000000000000000
0x00007f0c96031958:   00007f0cf1517dd8 00007f0c96031910
0x00007f0c96031968:   00007f0c960319b0 00007f0c96031a00
0x00007f0c96031978:   00007f0cdd007ffd 0000000000000000
0x00007f0c96031988:   00000000d7ed6200 0000000000000000
0x00007f0c96031998:   0000000000000000 0000000000000000
0x00007f0c960319a8:   00000000d7a84dd8 0000000000000000
0x00007f0c960319b8:   00000000d79f72b0 00007f0c960319c0
0x00007f0c960319c8:   00007f0cf1517add 00007f0c96031a10
0x00007f0c960319d8:   00007f0cf1520e78 0000000000000000
0x00007f0c960319e8:   00007f0cf1517ae8 00007f0c960319b0
0x00007f0c960319f8:   00007f0c96031a10 00007f0c96031a58
0x00007f0c96031a08:   00007f0cdd008042 00000000d79f72b0
0x00007f0c96031a18:   00007f0c96031a18 00007f0cf0e4753b
0x00007f0c96031a28:   00007f0c96031a68 00007f0cf0ecef88 

Instructions: (pc=0x00007f0cdd0699fa)
0x00007f0cdd0699da:   00 00 00 00 00 00 44 8b 15 4d 52 02 18 4c 8b ce
0x00007f0cdd0699ea:   41 f6 c2 01 0f 85 2e 00 00 00 4d 33 ca 4d 33 ca
0x00007f0cdd0699fa:   4d 8b 09 4c 8b da 49 c1 eb 02 4b 8b 04 19 49 bb
0x00007f0cdd069a0a:   34 ec 08 f5 0c 7f 00 00 4c 33 d8 4c 33 d8 45 3b 

Register to memory mapping:

RAX=0x00007f0cf5062040: <offset 0xefc040> in /usr/lib/jvm/java-8-openjdk-amd64/jre/lib/amd64/server/libjvm.so at 0x00007f0cf4166000
RBX=0x00007f0cec3021e0 is an unknown value
RCX=0x0000000000000000 is an unknown value
RDX=0x0000000000000042 is an unknown value
RSP=0x00007f0c96031838 is pointing into the stack for thread: 0x00007f0cec302000
RBP=0x00007f0c96031860 is pointing into the stack for thread: 0x00007f0cec302000
RSI=0x0000000000000000 is an unknown value
RDI=0x00007f0cec3021e0 is an unknown value
R8 =0x0000000000000320 is an unknown value
R9 =0x0000000000000000 is an unknown value
R10=0x000000000000010e is an unknown value
R11=0x00007f0cdd388618 is at entry_point+24 in (nmethod*)0x00007f0cdd388490
R12=0x00007f0c7c00ebd0 is an unknown value
R13=0x0000000000000000 is an unknown value
R14=0x00007f0ccc30db00: <offset 0x258b00> in /usr/lib/jvm/java-8-openjdk-amd64/jre/lib/amd64/libawt_xawt.so at 0x00007f0ccc0b5000
R15=0x00007f0cec302000 is a thread


Stack: [0x00007f0c95f32000,0x00007f0c96033000],  sp=0x00007f0c96031838,  free space=1022k
Native frames: (J=compiled Java code, j=interpreted, Vv=VM code, C=native code)
v  ~BufferBlob::jni_fast_GetLongField
C  [libX11.so.6+0x643c0]  _XimServerDestroy+0x70

Java frames: (J=compiled Java code, j=interpreted, Vv=VM code)
J 1075  sun.awt.X11.XlibWrapper.XFilterEvent(JJ)Z (0 bytes) @ 0x00007f0cdd388644 [0x00007f0cdd388600+0x44]
j  sun.awt.X11.XToolkit.run(Z)V+300
j  sun.awt.X11.XToolkit.run()V+5
j  java.lang.Thread.run()V+11
v  ~StubRoutines::call_stub

---------------  P R O C E S S  ---------------

Java Threads: ( => current thread )
  0x00007f0c7c023000 JavaThread "TimerQueue" daemon [_thread_blocked, id=7589, stack(0x00007f0c9561c000,0x00007f0c9571d000)]
=>0x00007f0cec302000 JavaThread "AWT-XAWT" daemon [_thread_in_native, id=7582, stack(0x00007f0c95f32000,0x00007f0c96033000)]
  0x00007f0cec2e6000 JavaThread "Java2D Disposer" daemon [_thread_blocked, id=7581, stack(0x00007f0c96643000,0x00007f0c96744000)]
  0x00007f0cec241800 JavaThread "GC Daemon" daemon [_thread_blocked, id=7559, stack(0x00007f0ccc5df000,0x00007f0ccc6e0000)]
  0x00007f0cec23e800 JavaThread "RMI RenewClean-[127.0.1.1:36289]" daemon [_thread_blocked, id=7558, stack(0x00007f0ccc6e0000,0x00007f0ccc7e1000)]
  0x00007f0cec23a000 JavaThread "RMI Scheduler(0)" daemon [_thread_blocked, id=7557, stack(0x00007f0ccc7e1000,0x00007f0ccc8e2000)]
  0x00007f0cec0c8000 JavaThread "Service Thread" daemon [_thread_blocked, id=7553, stack(0x00007f0ccfbfc000,0x00007f0ccfcfd000)]
  0x00007f0cec0bd000 JavaThread "C1 CompilerThread2" daemon [_thread_blocked, id=7552, stack(0x00007f0ccfcfd000,0x00007f0ccfdfe000)]
  0x00007f0cec0bb000 JavaThread "C2 CompilerThread1" daemon [_thread_blocked, id=7551, stack(0x00007f0ccfdfe000,0x00007f0ccfeff000)]
  0x00007f0cec0b8000 JavaThread "C2 CompilerThread0" daemon [_thread_blocked, id=7550, stack(0x00007f0ccfeff000,0x00007f0cd0000000)]
  0x00007f0cec0b6800 JavaThread "Signal Dispatcher" daemon [_thread_blocked, id=7549, stack(0x00007f0cd40ff000,0x00007f0cd4200000)]
  0x00007f0cec084000 JavaThread "Finalizer" daemon [_thread_blocked, id=7548, stack(0x00007f0cdc7f8000,0x00007f0cdc8f9000)]
  0x00007f0cec07f800 JavaThread "Reference Handler" daemon [_thread_blocked, id=7547, stack(0x00007f0cdc8f9000,0x00007f0cdc9fa000)]
  0x00007f0cec00a800 JavaThread "main" [_thread_in_native, id=7540, stack(0x00007f0cf5dc3000,0x00007f0cf5ec4000)]

Other Threads:
  0x00007f0cec078000 VMThread [stack: 0x00007f0cdc9fa000,0x00007f0cdcafb000] [id=7546]
  0x00007f0cec0ca800 WatcherThread [stack: 0x00007f0ccfafb000,0x00007f0ccfbfc000] [id=7554]

VM state:not at safepoint (normal execution)

VM Mutex/Monitor currently owned by a thread: None

Heap:
 PSYoungGen      total 25600K, used 24311K [0x00000000d6b00000, 0x00000000d8c80000, 0x0000000100000000)
  eden space 24576K, 98% used [0x00000000d6b00000,0x00000000d82addd8,0x00000000d8300000)
  from space 1024K, 6% used [0x00000000d8a80000,0x00000000d8a90000,0x00000000d8b80000)
  to   space 1024K, 0% used [0x00000000d8b80000,0x00000000d8b80000,0x00000000d8c80000)
 ParOldGen       total 84992K, used 1093K [0x0000000084000000, 0x0000000089300000, 0x00000000d6b00000)
  object space 84992K, 1% used [0x0000000084000000,0x0000000084111528,0x0000000089300000)
 Metaspace       used 15742K, capacity 16020K, committed 16384K, reserved 1062912K
  class space    used 1884K, capacity 1957K, committed 2048K, reserved 1048576K

Card table byte_map: [0x00007f0cf2093000,0x00007f0cf2474000] byte_map_base: 0x00007f0cf1c73000

Marking Bits: (ParMarkBitMap*) 0x00007f0cf508e320
 Begin Bits: [0x00007f0cd4200000, 0x00007f0cd6100000)
 End Bits:   [0x00007f0cd6100000, 0x00007f0cd8000000)

Polling page: 0x00007f0cf5ee2000

CodeCache: size=245760Kb used=4682Kb max_used=4886Kb free=241077Kb
 bounds [0x00007f0cdd000000, 0x00007f0cdd4d0000, 0x00007f0cec000000]
 total_blobs=1976 nmethods=1391 adapters=499
 compilation: enabled

Compilation events (10 events):
Event: 79,907 Thread 0x00007f0cec0bd000 1473  s    3       java.util.Vector::toArray (12 bytes)
Event: 79,907 Thread 0x00007f0cec0bd000 nmethod 1473 0x00007f0cdd1d9310 code [0x00007f0cdd1d9480, 0x00007f0cdd1d9888]
Event: 79,907 Thread 0x00007f0cec0bd000 1474   !   3       sun.awt.X11.XToolkit$1::dispatchEvent (34 bytes)
Event: 79,908 Thread 0x00007f0cec0bd000 nmethod 1474 0x00007f0cdd208d50 code [0x00007f0cdd208fa0, 0x00007f0cdd209db8]
Event: 123,038 Thread 0x00007f0cec0bd000 1475       3       java.util.Vector::<init> (53 bytes)
Event: 123,039 Thread 0x00007f0cec0bd000 nmethod 1475 0x00007f0cdd208510 code [0x00007f0cdd2086c0, 0x00007f0cdd208b78]
Event: 181,574 Thread 0x00007f0cec0bd000 1476       3       sun.awt.X11.XMSelection$1::dispatchEvent (10 bytes)
Event: 181,575 Thread 0x00007f0cec0bd000 nmethod 1476 0x00007f0cdd216650 code [0x00007f0cdd216800, 0x00007f0cdd216c58]
Event: 181,575 Thread 0x00007f0cec0bd000 1477       3       sun.awt.X11.XMSelection::processRootEvent (32 bytes)
Event: 181,575 Thread 0x00007f0cec0bd000 nmethod 1477 0x00007f0cdd215dd0 code [0x00007f0cdd215f80, 0x00007f0cdd216358]

GC Heap History (10 events):
Event: 2,492 GC heap before
{Heap before GC invocations=16 (full 1):
 PSYoungGen      total 27648K, used 27200K [0x00000000d6b00000, 0x00000000d8d80000, 0x0000000100000000)
  eden space 27136K, 100% used [0x00000000d6b00000,0x00000000d8580000,0x00000000d8580000)
  from space 512K, 12% used [0x00000000d8d00000,0x00000000d8d10000,0x00000000d8d80000)
  to   space 1024K, 0% used [0x00000000d8b80000,0x00000000d8b80000,0x00000000d8c80000)
 ParOldGen       total 84992K, used 1093K [0x0000000084000000, 0x0000000089300000, 0x00000000d6b00000)
  object space 84992K, 1% used [0x0000000084000000,0x0000000084111528,0x0000000089300000)
 Metaspace       used 6977K, capacity 7206K, committed 7296K, reserved 1056768K
  class space    used 784K, capacity 841K, committed 896K, reserved 1048576K
Event: 2,492 GC heap after
Heap after GC invocations=16 (full 1):
 PSYoungGen      total 27648K, used 32K [0x00000000d6b00000, 0x00000000d8d80000, 0x0000000100000000)
  eden space 26624K, 0% used [0x00000000d6b00000,0x00000000d6b00000,0x00000000d8500000)
  from space 1024K, 3% used [0x00000000d8b80000,0x00000000d8b88000,0x00000000d8c80000)
  to   space 1024K, 0% used [0x00000000d8c80000,0x00000000d8c80000,0x00000000d8d80000)
 ParOldGen       total 84992K, used 1093K [0x0000000084000000, 0x0000000089300000, 0x00000000d6b00000)
  object space 84992K, 1% used [0x0000000084000000,0x0000000084111528,0x0000000089300000)
 Metaspace       used 6977K, capacity 7206K, committed 7296K, reserved 1056768K
  class space    used 784K, capacity 841K, committed 896K, reserved 1048576K
}
Event: 2,636 GC heap before
{Heap before GC invocations=17 (full 1):
 PSYoungGen      total 27648K, used 26656K [0x00000000d6b00000, 0x00000000d8d80000, 0x0000000100000000)
  eden space 26624K, 100% used [0x00000000d6b00000,0x00000000d8500000,0x00000000d8500000)
  from space 1024K, 3% used [0x00000000d8b80000,0x00000000d8b88000,0x00000000d8c80000)
  to   space 1024K, 0% used [0x00000000d8c80000,0x00000000d8c80000,0x00000000d8d80000)
 ParOldGen       total 84992K, used 1093K [0x0000000084000000, 0x0000000089300000, 0x00000000d6b00000)
  object space 84992K, 1% used [0x0000000084000000,0x0000000084111528,0x0000000089300000)
 Metaspace       used 6977K, capacity 7206K, committed 7296K, reserved 1056768K
  class space    used 784K, capacity 841K, committed 896K, reserved 1048576K
Event: 2,637 GC heap after
Heap after GC invocations=17 (full 1):
 PSYoungGen      total 26624K, used 64K [0x00000000d6b00000, 0x00000000d8d00000, 0x0000000100000000)
  eden space 26112K, 0% used [0x00000000d6b00000,0x00000000d6b00000,0x00000000d8480000)
  from space 512K, 12% used [0x00000000d8c80000,0x00000000d8c90000,0x00000000d8d00000)
  to   space 1024K, 0% used [0x00000000d8b00000,0x00000000d8b00000,0x00000000d8c00000)
 ParOldGen       total 84992K, used 1093K [0x0000000084000000, 0x0000000089300000, 0x00000000d6b00000)
  object space 84992K, 1% used [0x0000000084000000,0x0000000084111528,0x0000000089300000)
 Metaspace       used 6977K, capacity 7206K, committed 7296K, reserved 1056768K
  class space    used 784K, capacity 841K, committed 896K, reserved 1048576K
}
Event: 2,769 GC heap before
{Heap before GC invocations=18 (full 1):
 PSYoungGen      total 26624K, used 26176K [0x00000000d6b00000, 0x00000000d8d00000, 0x0000000100000000)
  eden space 26112K, 100% used [0x00000000d6b00000,0x00000000d8480000,0x00000000d8480000)
  from space 512K, 12% used [0x00000000d8c80000,0x00000000d8c90000,0x00000000d8d00000)
  to   space 1024K, 0% used [0x00000000d8b00000,0x00000000d8b00000,0x00000000d8c00000)
 ParOldGen       total 84992K, used 1093K [0x0000000084000000, 0x0000000089300000, 0x00000000d6b00000)
  object space 84992K, 1% used [0x0000000084000000,0x0000000084111528,0x0000000089300000)
 Metaspace       used 6977K, capacity 7206K, committed 7296K, reserved 1056768K
  class space    used 784K, capacity 841K, committed 896K, reserved 1048576K
Event: 2,769 GC heap after
Heap after GC invocations=18 (full 1):
 PSYoungGen      total 26624K, used 96K [0x00000000d6b00000, 0x00000000d8d00000, 0x0000000100000000)
  eden space 25600K, 0% used [0x00000000d6b00000,0x00000000d6b00000,0x00000000d8400000)
  from space 1024K, 9% used [0x00000000d8b00000,0x00000000d8b18000,0x00000000d8c00000)
  to   space 1024K, 0% used [0x00000000d8c00000,0x00000000d8c00000,0x00000000d8d00000)
 ParOldGen       total 84992K, used 1093K [0x0000000084000000, 0x0000000089300000, 0x00000000d6b00000)
  object space 84992K, 1% used [0x0000000084000000,0x0000000084111528,0x0000000089300000)
 Metaspace       used 6977K, capacity 7206K, committed 7296K, reserved 1056768K
  class space    used 784K, capacity 841K, committed 896K, reserved 1048576K
}
Event: 2,896 GC heap before
{Heap before GC invocations=19 (full 1):
 PSYoungGen      total 26624K, used 25696K [0x00000000d6b00000, 0x00000000d8d00000, 0x0000000100000000)
  eden space 25600K, 100% used [0x00000000d6b00000,0x00000000d8400000,0x00000000d8400000)
  from space 1024K, 9% used [0x00000000d8b00000,0x00000000d8b18000,0x00000000d8c00000)
  to   space 1024K, 0% used [0x00000000d8c00000,0x00000000d8c00000,0x00000000d8d00000)
 ParOldGen       total 84992K, used 1093K [0x0000000084000000, 0x0000000089300000, 0x00000000d6b00000)
  object space 84992K, 1% used [0x0000000084000000,0x0000000084111528,0x0000000089300000)
 Metaspace       used 6977K, capacity 7206K, committed 7296K, reserved 1056768K
  class space    used 784K, capacity 841K, committed 896K, reserved 1048576K
Event: 2,896 GC heap after
Heap after GC invocations=19 (full 1):
 PSYoungGen      total 25600K, used 32K [0x00000000d6b00000, 0x00000000d8c80000, 0x0000000100000000)
  eden space 25088K, 0% used [0x00000000d6b00000,0x00000000d6b00000,0x00000000d8380000)
  from space 512K, 6% used [0x00000000d8c00000,0x00000000d8c08000,0x00000000d8c80000)
  to   space 1024K, 0% used [0x00000000d8a80000,0x00000000d8a80000,0x00000000d8b80000)
 ParOldGen       total 84992K, used 1093K [0x0000000084000000, 0x0000000089300000, 0x00000000d6b00000)
  object space 84992K, 1% used [0x0000000084000000,0x0000000084111528,0x0000000089300000)
 Metaspace       used 6977K, capacity 7206K, committed 7296K, reserved 1056768K
  class space    used 784K, capacity 841K, committed 896K, reserved 1048576K
}
Event: 3,019 GC heap before
{Heap before GC invocations=20 (full 1):
 PSYoungGen      total 25600K, used 25120K [0x00000000d6b00000, 0x00000000d8c80000, 0x0000000100000000)
  eden space 25088K, 100% used [0x00000000d6b00000,0x00000000d8380000,0x00000000d8380000)
  from space 512K, 6% used [0x00000000d8c00000,0x00000000d8c08000,0x00000000d8c80000)
  to   space 1024K, 0% used [0x00000000d8a80000,0x00000000d8a80000,0x00000000d8b80000)
 ParOldGen       total 84992K, used 1093K [0x0000000084000000, 0x0000000089300000, 0x00000000d6b00000)
  object space 84992K, 1% used [0x0000000084000000,0x0000000084111528,0x0000000089300000)
 Metaspace       used 6977K, capacity 7206K, committed 7296K, reserved 1056768K
  class space    used 784K, capacity 841K, committed 896K, reserved 1048576K
Event: 3,020 GC heap after
Heap after GC invocations=20 (full 1):
 PSYoungGen      total 25600K, used 64K [0x00000000d6b00000, 0x00000000d8c80000, 0x0000000100000000)
  eden space 24576K, 0% used [0x00000000d6b00000,0x00000000d6b00000,0x00000000d8300000)
  from space 1024K, 6% used [0x00000000d8a80000,0x00000000d8a90000,0x00000000d8b80000)
  to   space 1024K, 0% used [0x00000000d8b80000,0x00000000d8b80000,0x00000000d8c80000)
 ParOldGen       total 84992K, used 1093K [0x0000000084000000, 0x0000000089300000, 0x00000000d6b00000)
  object space 84992K, 1% used [0x0000000084000000,0x0000000084111528,0x0000000089300000)
 Metaspace       used 6977K, capacity 7206K, committed 7296K, reserved 1056768K
  class space    used 784K, capacity 841K, committed 896K, reserved 1048576K
}

Deoptimization events (10 events):
Event: 4,901 Thread 0x00007f0cec352000 Uncommon trap: reason=class_check action=maybe_recompile pc=0x00007f0cdd161f68 method=java.lang.String.equals(Ljava/lang/Object;)Z @ 8
Event: 4,901 Thread 0x00007f0cec352000 Uncommon trap: reason=class_check action=maybe_recompile pc=0x00007f0cdd161f68 method=java.lang.String.equals(Ljava/lang/Object;)Z @ 8
Event: 5,790 Thread 0x00007f0c7c023000 Uncommon trap: reason=unstable_if action=reinterpret pc=0x00007f0cdd32ce4c method=java.util.concurrent.locks.AbstractQueuedSynchronizer.release(I)Z @ 14
Event: 13,262 Thread 0x00007f0cec00a800 Uncommon trap: reason=class_check action=maybe_recompile pc=0x00007f0cdd2184bc method=java.io.BufferedOutputStream.flushBuffer()V @ 20
Event: 13,262 Thread 0x00007f0cec00a800 Uncommon trap: reason=class_check action=maybe_recompile pc=0x00007f0cdd2184bc method=java.io.BufferedOutputStream.flushBuffer()V @ 20
Event: 13,262 Thread 0x00007f0cec00a800 Uncommon trap: reason=class_check action=maybe_recompile pc=0x00007f0cdd2183f0 method=java.io.BufferedOutputStream.flush()V @ 8
Event: 25,109 Thread 0x00007f0cec00a800 Uncommon trap: reason=unstable_if action=reinterpret pc=0x00007f0cdd2288bc method=sun.rmi.transport.tcp.TCPConnection.isDead()Z @ 24
Event: 25,109 Thread 0x00007f0cec00a800 Uncommon trap: reason=unstable_if action=reinterpret pc=0x00007f0cdd223b68 method=java.io.ObjectInputStream$BlockDataInputStream.readBoolean()Z @ 18
Event: 42,509 Thread 0x00007f0cec00a800 Uncommon trap: reason=class_check action=maybe_recompile pc=0x00007f0cdd2184bc method=java.io.BufferedOutputStream.flushBuffer()V @ 20
Event: 42,509 Thread 0x00007f0cec00a800 Uncommon trap: reason=class_check action=maybe_recompile pc=0x00007f0cdd2184bc method=java.io.BufferedOutputStream.flushBuffer()V @ 20

Classes redefined (0 events):
No events

Internal exceptions (10 events):
Event: 3,096 Thread 0x00007f0cec00a800 Implicit null exception at 0x00007f0cdd2389a7 to 0x00007f0cdd239c15
Event: 3,102 Thread 0x00007f0cec00a800 Exception <a 'java/io/FileNotFoundException'> (0x00000000d797d8a8) thrown at [/build/openjdk-8-wnL82d/openjdk-8-8u171-b11/src/hotspot/src/share/vm/prims/jni.cpp, line 709]
Event: 3,103 Thread 0x00007f0cec00a800 Exception <a 'java/io/FileNotFoundException'> (0x00000000d797e3e8) thrown at [/build/openjdk-8-wnL82d/openjdk-8-8u171-b11/src/hotspot/src/share/vm/prims/jni.cpp, line 709]
Event: 3,121 Thread 0x00007f0cec00a800 Exception <a 'java/lang/ClassNotFoundException': sun/dc/DuctusRenderingEngine> (0x00000000d79bcb30) thrown at [/build/openjdk-8-wnL82d/openjdk-8-8u171-b11/src/hotspot/src/share/vm/classfile/systemDictionary.cpp, line 210]
Event: 3,267 Thread 0x00007f0cec00a800 Implicit null exception at 0x00007f0cdd2b48b5 to 0x00007f0cdd2b4c61
Event: 3,268 Thread 0x00007f0cec00a800 Implicit null exception at 0x00007f0cdd2b6876 to 0x00007f0cdd2b6c29
Event: 3,498 Thread 0x00007f0cec352000 Exception <a 'java/lang/UnsupportedOperationException': > (0x00000000d7c13f38) thrown at [/build/openjdk-8-wnL82d/openjdk-8-8u171-b11/src/hotspot/src/share/vm/prims/jni.cpp, line 735]
Event: 5,790 Thread 0x00007f0c7c023000 Implicit null exception at 0x00007f0cdd32cdcf to 0x00007f0cdd32ce3e
Event: 7,142 Thread 0x00007f0cec352000 Exception <a 'java/lang/UnsupportedOperationException': > (0x00000000d7daa450) thrown at [/build/openjdk-8-wnL82d/openjdk-8-8u171-b11/src/hotspot/src/share/vm/prims/jni.cpp, line 735]
Event: 25,249 Thread 0x00007f0cec352000 Exception <a 'java/lang/UnsupportedOperationException': > (0x00000000d80cc840) thrown at [/build/openjdk-8-wnL82d/openjdk-8-8u171-b11/src/hotspot/src/share/vm/prims/jni.cpp, line 735]

Events (10 events):
Event: 79,309 Thread 0x00007f0cec0bd000 flushing nmethod 0x00007f0cdd1f7790
Event: 79,309 Thread 0x00007f0cec0bd000 flushing nmethod 0x00007f0cdd1fe410
Event: 79,309 Thread 0x00007f0cec0bd000 flushing nmethod 0x00007f0cdd201e10
Event: 79,309 Thread 0x00007f0cec0bd000 flushing nmethod 0x00007f0cdd205190
Event: 79,309 Thread 0x00007f0cec0bd000 flushing nmethod 0x00007f0cdd2083d0
Event: 79,309 Thread 0x00007f0cec0bd000 flushing nmethod 0x00007f0cdd209950
Event: 79,309 Thread 0x00007f0cec0bd000 flushing nmethod 0x00007f0cdd215dd0
Event: 79,309 Thread 0x00007f0cec0bd000 flushing nmethod 0x00007f0cdd22e650
Event: 79,309 Thread 0x00007f0cec0bd000 flushing nmethod 0x00007f0cdd238110
Event: 79,309 Thread 0x00007f0cec0bd000 flushing nmethod 0x00007f0cdd242ed0


Dynamic libraries:
00400000-00401000 r-xp 00000000 08:11 2371479                            /usr/lib/jvm/java-8-openjdk-amd64/jre/bin/java
00600000-00601000 r--p 00000000 08:11 2371479                            /usr/lib/jvm/java-8-openjdk-amd64/jre/bin/java
00601000-00602000 rw-p 00001000 08:11 2371479                            /usr/lib/jvm/java-8-openjdk-amd64/jre/bin/java
01907000-01928000 rw-p 00000000 00:00 0                                  [heap]
84000000-89300000 rw-p 00000000 00:00 0 
89300000-d6b00000 ---p 00000000 00:00 0 
d6b00000-d8c80000 rw-p 00000000 00:00 0 
d8c80000-100000000 ---p 00000000 00:00 0 
100000000-100200000 rw-p 00000000 00:00 0 
100200000-140000000 ---p 00000000 00:00 0 
7f0c74000000-7f0c74021000 rw-p 00000000 00:00 0 
7f0c74021000-7f0c78000000 ---p 00000000 00:00 0 
7f0c7c000000-7f0c7c04d000 rw-p 00000000 00:00 0 
7f0c7c04d000-7f0c80000000 ---p 00000000 00:00 0 
7f0c80000000-7f0c80021000 rw-p 00000000 00:00 0 
7f0c80021000-7f0c84000000 ---p 00000000 00:00 0 
7f0c84000000-7f0c84021000 rw-p 00000000 00:00 0 
7f0c84021000-7f0c88000000 ---p 00000000 00:00 0 
7f0c88000000-7f0c88021000 rw-p 00000000 00:00 0 
7f0c88021000-7f0c8c000000 ---p 00000000 00:00 0 
7f0c8c000000-7f0c8c021000 rw-p 00000000 00:00 0 
7f0c8c021000-7f0c90000000 ---p 00000000 00:00 0 
7f0c90000000-7f0c90021000 rw-p 00000000 00:00 0 
7f0c90021000-7f0c94000000 ---p 00000000 00:00 0 
7f0c9551b000-7f0c9551e000 ---p 00000000 00:00 0 
7f0c9551e000-7f0c9561c000 rw-p 00000000 00:00 0 
7f0c9561c000-7f0c9561f000 ---p 00000000 00:00 0 
7f0c9561f000-7f0c9591d000 rw-p 00000000 00:00 0 
7f0c9591d000-7f0c95b1d000 rw-p 00000000 00:00 0 
7f0c95b1d000-7f0c95b20000 ---p 00000000 00:00 0 
7f0c95b20000-7f0c95c1e000 rw-p 00000000 00:00 0 
7f0c95c1e000-7f0c95c21000 ---p 00000000 00:00 0 
7f0c95c21000-7f0c95d1f000 rw-p 00000000 00:00 0 
7f0c95d1f000-7f0c95d30000 r-xp 00000000 08:11 1997407                    /usr/lib/jvm/java-8-openjdk-amd64/jre/lib/amd64/libnio.so
7f0c95d30000-7f0c95f30000 ---p 00011000 08:11 1997407                    /usr/lib/jvm/java-8-openjdk-amd64/jre/lib/amd64/libnio.so
7f0c95f30000-7f0c95f31000 r--p 00011000 08:11 1997407                    /usr/lib/jvm/java-8-openjdk-amd64/jre/lib/amd64/libnio.so
7f0c95f31000-7f0c95f32000 rw-p 00012000 08:11 1997407                    /usr/lib/jvm/java-8-openjdk-amd64/jre/lib/amd64/libnio.so
7f0c95f32000-7f0c95f35000 ---p 00000000 00:00 0 
7f0c95f35000-7f0c96033000 rw-p 00000000 00:00 0 
7f0c96033000-7f0c96038000 r-xp 00000000 08:11 533571                     /usr/lib/x86_64-linux-gnu/libXfixes.so.3.1.0
7f0c96038000-7f0c96237000 ---p 00005000 08:11 533571                     /usr/lib/x86_64-linux-gnu/libXfixes.so.3.1.0
7f0c96237000-7f0c96238000 r--p 00004000 08:11 533571                     /usr/lib/x86_64-linux-gnu/libXfixes.so.3.1.0
7f0c96238000-7f0c96239000 rw-p 00005000 08:11 533571                     /usr/lib/x86_64-linux-gnu/libXfixes.so.3.1.0
7f0c96239000-7f0c96242000 r-xp 00000000 08:11 533563                     /usr/lib/x86_64-linux-gnu/libXcursor.so.1.0.2
7f0c96242000-7f0c96441000 ---p 00009000 08:11 533563                     /usr/lib/x86_64-linux-gnu/libXcursor.so.1.0.2
7f0c96441000-7f0c96442000 r--p 00008000 08:11 533563                     /usr/lib/x86_64-linux-gnu/libXcursor.so.1.0.2
7f0c96442000-7f0c96443000 rw-p 00009000 08:11 533563                     /usr/lib/x86_64-linux-gnu/libXcursor.so.1.0.2
7f0c96443000-7f0c96643000 rw-p 00000000 00:00 0 
7f0c96643000-7f0c96646000 ---p 00000000 00:00 0 
7f0c96646000-7f0c96744000 rw-p 00000000 00:00 0 
7f0c96744000-7f0c96768000 r-xp 00000000 08:11 4985540                    /lib/x86_64-linux-gnu/libpng12.so.0.54.0
7f0c96768000-7f0c96967000 ---p 00024000 08:11 4985540                    /lib/x86_64-linux-gnu/libpng12.so.0.54.0
7f0c96967000-7f0c96968000 r--p 00023000 08:11 4985540                    /lib/x86_64-linux-gnu/libpng12.so.0.54.0
7f0c96968000-7f0c96969000 rw-p 00024000 08:11 4985540                    /lib/x86_64-linux-gnu/libpng12.so.0.54.0
7f0c96969000-7f0c96a0d000 r-xp 00000000 08:11 533979                     /usr/lib/x86_64-linux-gnu/libfreetype.so.6.12.1
7f0c96a0d000-7f0c96c0c000 ---p 000a4000 08:11 533979                     /usr/lib/x86_64-linux-gnu/libfreetype.so.6.12.1
7f0c96c0c000-7f0c96c12000 r--p 000a3000 08:11 533979                     /usr/lib/x86_64-linux-gnu/libfreetype.so.6.12.1
7f0c96c12000-7f0c96c13000 rw-p 000a9000 08:11 533979                     /usr/lib/x86_64-linux-gnu/libfreetype.so.6.12.1
7f0c96c13000-7f0c96c65000 r-xp 00000000 08:11 1997380                    /usr/lib/jvm/java-8-openjdk-amd64/jre/lib/amd64/libfontmanager.so
7f0c96c65000-7f0c96e65000 ---p 00052000 08:11 1997380                    /usr/lib/jvm/java-8-openjdk-amd64/jre/lib/amd64/libfontmanager.so
7f0c96e65000-7f0c96e67000 r--p 00052000 08:11 1997380                    /usr/lib/jvm/java-8-openjdk-amd64/jre/lib/amd64/libfontmanager.so
7f0c96e67000-7f0c96e68000 rw-p 00054000 08:11 1997380                    /usr/lib/jvm/java-8-openjdk-amd64/jre/lib/amd64/libfontmanager.so
7f0c96e68000-7f0c96e6d000 r-xp 00000000 08:11 533567                     /usr/lib/x86_64-linux-gnu/libXdmcp.so.6.0.0
7f0c96e6d000-7f0c9706c000 ---p 00005000 08:11 533567                     /usr/lib/x86_64-linux-gnu/libXdmcp.so.6.0.0
7f0c9706c000-7f0c9706d000 r--p 00004000 08:11 533567                     /usr/lib/x86_64-linux-gnu/libXdmcp.so.6.0.0
7f0c9706d000-7f0c9706e000 rw-p 00005000 08:11 533567                     /usr/lib/x86_64-linux-gnu/libXdmcp.so.6.0.0
7f0c9706e000-7f0c97070000 r-xp 00000000 08:11 533556                     /usr/lib/x86_64-linux-gnu/libXau.so.6.0.0
7f0c97070000-7f0c97270000 ---p 00002000 08:11 533556                     /usr/lib/x86_64-linux-gnu/libXau.so.6.0.0
7f0c97270000-7f0c97271000 r--p 00002000 08:11 533556                     /usr/lib/x86_64-linux-gnu/libXau.so.6.0.0
7f0c97271000-7f0c97272000 rw-p 00003000 08:11 533556                     /usr/lib/x86_64-linux-gnu/libXau.so.6.0.0
7f0c97272000-7f0c97293000 r-xp 00000000 08:11 534920                     /usr/lib/x86_64-linux-gnu/libxcb.so.1.1.0
7f0c97293000-7f0c97492000 ---p 00021000 08:11 534920                     /usr/lib/x86_64-linux-gnu/libxcb.so.1.1.0
7f0c97492000-7f0c97493000 r--p 00020000 08:11 534920                     /usr/lib/x86_64-linux-gnu/libxcb.so.1.1.0
7f0c97493000-7f0c97494000 rw-p 00021000 08:11 534920                     /usr/lib/x86_64-linux-gnu/libxcb.so.1.1.0
7f0c97494000-7f0c974a3000 r-xp 00000000 08:11 533579                     /usr/lib/x86_64-linux-gnu/libXi.so.6.1.0
7f0c974a3000-7f0c976a2000 ---p 0000f000 08:11 533579                     /usr/lib/x86_64-linux-gnu/libXi.so.6.1.0
7f0c976a2000-7f0c976a3000 r--p 0000e000 08:11 533579                     /usr/lib/x86_64-linux-gnu/libXi.so.6.1.0
7f0c976a3000-7f0c976a4000 rw-p 0000f000 08:11 533579                     /usr/lib/x86_64-linux-gnu/libXi.so.6.1.0
7f0c976a4000-7f0c976a9000 r-xp 00000000 08:11 533597                     /usr/lib/x86_64-linux-gnu/libXtst.so.6.1.0
7f0c976a9000-7f0c978a8000 ---p 00005000 08:11 533597                     /usr/lib/x86_64-linux-gnu/libXtst.so.6.1.0
7f0c978a8000-7f0c978a9000 r--p 00004000 08:11 533597                     /usr/lib/x86_64-linux-gnu/libXtst.so.6.1.0
7f0c978a9000-7f0c978aa000 rw-p 00005000 08:11 533597                     /usr/lib/x86_64-linux-gnu/libXtst.so.6.1.0
7f0c978aa000-7f0c978b3000 r-xp 00000000 08:11 533591                     /usr/lib/x86_64-linux-gnu/libXrender.so.1.3.0
7f0c978b3000-7f0c97ab2000 ---p 00009000 08:11 533591                     /usr/lib/x86_64-linux-gnu/libXrender.so.1.3.0
7f0c97ab2000-7f0c97ab3000 r--p 00008000 08:11 533591                     /usr/lib/x86_64-linux-gnu/libXrender.so.1.3.0
7f0c97ab3000-7f0c97ab4000 rw-p 00009000 08:11 533591                     /usr/lib/x86_64-linux-gnu/libXrender.so.1.3.0
7f0c97ab4000-7f0c97be9000 r-xp 00000000 08:11 533552                     /usr/lib/x86_64-linux-gnu/libX11.so.6.3.0
7f0c97be9000-7f0c97de9000 ---p 00135000 08:11 533552                     /usr/lib/x86_64-linux-gnu/libX11.so.6.3.0
7f0c97de9000-7f0c97dea000 r--p 00135000 08:11 533552                     /usr/lib/x86_64-linux-gnu/libX11.so.6.3.0
7f0c97dea000-7f0c97dee000 rw-p 00136000 08:11 533552                     /usr/lib/x86_64-linux-gnu/libX11.so.6.3.0
7f0c97dee000-7f0c97dff000 r-xp 00000000 08:11 533569                     /usr/lib/x86_64-linux-gnu/libXext.so.6.4.0
7f0c97dff000-7f0c97ffe000 ---p 00011000 08:11 533569                     /usr/lib/x86_64-linux-gnu/libXext.so.6.4.0
7f0c97ffe000-7f0c97fff000 r--p 00010000 08:11 533569                     /usr/lib/x86_64-linux-gnu/libXext.so.6.4.0
7f0c97fff000-7f0c98000000 rw-p 00011000 08:11 533569                     /usr/lib/x86_64-linux-gnu/libXext.so.6.4.0
7f0c98000000-7f0c98021000 rw-p 00000000 00:00 0 
7f0c98021000-7f0c9c000000 ---p 00000000 00:00 0 
7f0c9c000000-7f0c9c021000 rw-p 00000000 00:00 0 
7f0c9c021000-7f0ca0000000 ---p 00000000 00:00 0 
7f0ca0000000-7f0ca0021000 rw-p 00000000 00:00 0 
7f0ca0021000-7f0ca4000000 ---p 00000000 00:00 0 
7f0ca4000000-7f0ca4021000 rw-p 00000000 00:00 0 
7f0ca4021000-7f0ca8000000 ---p 00000000 00:00 0 
7f0ca8000000-7f0ca820e000 rw-p 00000000 00:00 0 
7f0ca820e000-7f0cac000000 ---p 00000000 00:00 0 
7f0cac000000-7f0cac6cb000 rw-p 00000000 00:00 0 
7f0cac6cb000-7f0cb0000000 ---p 00000000 00:00 0 
7f0cb0000000-7f0cb0021000 rw-p 00000000 00:00 0 
7f0cb0021000-7f0cb4000000 ---p 00000000 00:00 0 
7f0cb4000000-7f0cb4310000 rw-p 00000000 00:00 0 
7f0cb4310000-7f0cb8000000 ---p 00000000 00:00 0 
7f0cb8000000-7f0cb8021000 rw-p 00000000 00:00 0 
7f0cb8021000-7f0cbc000000 ---p 00000000 00:00 0 
7f0cbc000000-7f0cbc021000 rw-p 00000000 00:00 0 
7f0cbc021000-7f0cc0000000 ---p 00000000 00:00 0 
7f0cc0000000-7f0cc0021000 rw-p 00000000 00:00 0 
7f0cc0021000-7f0cc4000000 ---p 00000000 00:00 0 
7f0cc4000000-7f0cc4021000 rw-p 00000000 00:00 0 
7f0cc4021000-7f0cc8000000 ---p 00000000 00:00 0 
7f0cc8000000-7f0cc8021000 rw-p 00000000 00:00 0 
7f0cc8021000-7f0ccc000000 ---p 00000000 00:00 0 
7f0ccc0b5000-7f0ccc10a000 r-xp 00000000 08:11 1997384                    /usr/lib/jvm/java-8-openjdk-amd64/jre/lib/amd64/libawt_xawt.so
7f0ccc10a000-7f0ccc309000 ---p 00055000 08:11 1997384                    /usr/lib/jvm/java-8-openjdk-amd64/jre/lib/amd64/libawt_xawt.so
7f0ccc309000-7f0ccc30a000 r--p 00054000 08:11 1997384                    /usr/lib/jvm/java-8-openjdk-amd64/jre/lib/amd64/libawt_xawt.so
7f0ccc30a000-7f0ccc30d000 rw-p 00055000 08:11 1997384                    /usr/lib/jvm/java-8-openjdk-amd64/jre/lib/amd64/libawt_xawt.so
7f0ccc30d000-7f0ccc30e000 rw-p 00000000 00:00 0 
7f0ccc30e000-7f0ccc3ae000 r-xp 00000000 08:11 1997383                    /usr/lib/jvm/java-8-openjdk-amd64/jre/lib/amd64/libawt.so
7f0ccc3ae000-7f0ccc5ae000 ---p 000a0000 08:11 1997383                    /usr/lib/jvm/java-8-openjdk-amd64/jre/lib/amd64/libawt.so
7f0ccc5ae000-7f0ccc5af000 r--p 000a0000 08:11 1997383                    /usr/lib/jvm/java-8-openjdk-amd64/jre/lib/amd64/libawt.so
7f0ccc5af000-7f0ccc5ba000 rw-p 000a1000 08:11 1997383                    /usr/lib/jvm/java-8-openjdk-amd64/jre/lib/amd64/libawt.so
7f0ccc5ba000-7f0ccc5df000 rw-p 00000000 00:00 0 
7f0ccc5df000-7f0ccc5e2000 ---p 00000000 00:00 0 
7f0ccc5e2000-7f0ccc6e0000 rw-p 00000000 00:00 0 
7f0ccc6e0000-7f0ccc6e3000 ---p 00000000 00:00 0 
7f0ccc6e3000-7f0ccc7e1000 rw-p 00000000 00:00 0 
7f0ccc7e1000-7f0ccc7e4000 ---p 00000000 00:00 0 
7f0ccc7e4000-7f0ccf8e3000 rw-p 00000000 00:00 0 
7f0ccf8e3000-7f0ccf8f9000 r-xp 00000000 08:11 1997401                    /usr/lib/jvm/java-8-openjdk-amd64/jre/lib/amd64/libnet.so
7f0ccf8f9000-7f0ccfaf9000 ---p 00016000 08:11 1997401                    /usr/lib/jvm/java-8-openjdk-amd64/jre/lib/amd64/libnet.so
7f0ccfaf9000-7f0ccfafa000 r--p 00016000 08:11 1997401                    /usr/lib/jvm/java-8-openjdk-amd64/jre/lib/amd64/libnet.so
7f0ccfafa000-7f0ccfafb000 rw-p 00017000 08:11 1997401                    /usr/lib/jvm/java-8-openjdk-amd64/jre/lib/amd64/libnet.so
7f0ccfafb000-7f0ccfafc000 ---p 00000000 00:00 0 
7f0ccfafc000-7f0ccfbfc000 rw-p 00000000 00:00 0 
7f0ccfbfc000-7f0ccfbff000 ---p 00000000 00:00 0 
7f0ccfbff000-7f0ccfcfd000 rw-p 00000000 00:00 0 
7f0ccfcfd000-7f0ccfd00000 ---p 00000000 00:00 0 
7f0ccfd00000-7f0ccfdfe000 rw-p 00000000 00:00 0 
7f0ccfdfe000-7f0ccfe01000 ---p 00000000 00:00 0 
7f0ccfe01000-7f0ccfeff000 rw-p 00000000 00:00 0 
7f0ccfeff000-7f0ccff02000 ---p 00000000 00:00 0 
7f0ccff02000-7f0cd0000000 rw-p 00000000 00:00 0 
7f0cd0000000-7f0cd0021000 rw-p 00000000 00:00 0 
7f0cd0021000-7f0cd4000000 ---p 00000000 00:00 0 
7f0cd40ff000-7f0cd4102000 ---p 00000000 00:00 0 
7f0cd4102000-7f0cd8000000 rw-p 00000000 00:00 0 
7f0cd8000000-7f0cd8021000 rw-p 00000000 00:00 0 
7f0cd8021000-7f0cdc000000 ---p 00000000 00:00 0 
7f0cdc0f6000-7f0cdc7f8000 r--p 00000000 08:11 532714                     /usr/lib/locale/locale-archive
7f0cdc7f8000-7f0cdc7fb000 ---p 00000000 00:00 0 
7f0cdc7fb000-7f0cdc8f9000 rw-p 00000000 00:00 0 
7f0cdc8f9000-7f0cdc8fc000 ---p 00000000 00:00 0 
7f0cdc8fc000-7f0cdc9fa000 rw-p 00000000 00:00 0 
7f0cdc9fa000-7f0cdc9fb000 ---p 00000000 00:00 0 
7f0cdc9fb000-7f0cdd000000 rw-p 00000000 00:00 0 
7f0cdd000000-7f0cdd4d0000 rwxp 00000000 00:00 0 
7f0cdd4d0000-7f0cec000000 ---p 00000000 00:00 0 
7f0cec000000-7f0cec3a5000 rw-p 00000000 00:00 0 
7f0cec3a5000-7f0cf0000000 ---p 00000000 00:00 0 
7f0cf0082000-7f0cf0095000 r--s 00346000 08:11 928111                     /usr/lib/jvm/java-8-openjdk-amd64/jre/lib/resources.jar
7f0cf0095000-7f0cf009c000 r--s 00000000 08:11 788781                     /usr/lib/x86_64-linux-gnu/gconv/gconv-modules.cache
7f0cf009c000-7f0cf00bd000 r--p 00000000 08:11 1056377                    /usr/share/locale-langpack/pt_BR/LC_MESSAGES/libc.mo
7f0cf00bd000-7f0cf00c2000 r--s 002f9000 08:11 926435                     /usr/lib/jvm/java-8-openjdk-amd64/jre/lib/charsets.jar
7f0cf00c2000-7f0cf00dd000 r--s 00394000 08:11 1049943                    /usr/lib/jvm/java-8-openjdk-amd64/jre/lib/ext/cldrdata.jar
7f0cf00dd000-7f0cf00f8000 r--s 001d6000 08:11 1050060                    /usr/lib/jvm/java-8-openjdk-amd64/jre/lib/ext/nashorn.jar
7f0cf00f8000-7f0cf0bd4000 rw-p 00000000 00:00 0 
7f0cf0bd4000-7f0cf0da3000 r--s 03c2f000 08:11 935665                     /usr/lib/jvm/java-8-openjdk-amd64/jre/lib/rt.jar
7f0cf0da3000-7f0cf1619000 rw-p 00000000 00:00 0 
7f0cf1619000-7f0cf19f9000 rw-p 00000000 00:00 0 
7f0cf19f9000-7f0cf19fa000 ---p 00000000 00:00 0 
7f0cf19fa000-7f0cf1afa000 rw-p 00000000 00:00 0 
7f0cf1afa000-7f0cf1afb000 ---p 00000000 00:00 0 
7f0cf1afb000-7f0cf1bfb000 rw-p 00000000 00:00 0 
7f0cf1bfb000-7f0cf1bfc000 ---p 00000000 00:00 0 
7f0cf1bfc000-7f0cf1cfc000 rw-p 00000000 00:00 0 
7f0cf1cfc000-7f0cf1cfd000 ---p 00000000 00:00 0 
7f0cf1cfd000-7f0cf1e27000 rw-p 00000000 00:00 0 
7f0cf1e27000-7f0cf2093000 ---p 00000000 00:00 0 
7f0cf2093000-7f0cf20bd000 rw-p 00000000 00:00 0 
7f0cf20bd000-7f0cf2328000 ---p 00000000 00:00 0 
7f0cf2328000-7f0cf233a000 rw-p 00000000 00:00 0 
7f0cf233a000-7f0cf2473000 ---p 00000000 00:00 0 
7f0cf2473000-7f0cf2488000 rw-p 00000000 00:00 0 
7f0cf2488000-7f0cf2834000 ---p 00000000 00:00 0 
7f0cf2834000-7f0cf283c000 r-xp 00000000 08:11 1997398                    /usr/lib/jvm/java-8-openjdk-amd64/jre/lib/amd64/libzip.so
7f0cf283c000-7f0cf2a3b000 ---p 00008000 08:11 1997398                    /usr/lib/jvm/java-8-openjdk-amd64/jre/lib/amd64/libzip.so
7f0cf2a3b000-7f0cf2a3c000 r--p 00007000 08:11 1997398                    /usr/lib/jvm/java-8-openjdk-amd64/jre/lib/amd64/libzip.so
7f0cf2a3c000-7f0cf2a3d000 rw-p 00008000 08:11 1997398                    /usr/lib/jvm/java-8-openjdk-amd64/jre/lib/amd64/libzip.so
7f0cf2a3d000-7f0cf2a48000 r-xp 00000000 08:11 4985497                    /lib/x86_64-linux-gnu/libnss_files-2.23.so
7f0cf2a48000-7f0cf2c47000 ---p 0000b000 08:11 4985497                    /lib/x86_64-linux-gnu/libnss_files-2.23.so
7f0cf2c47000-7f0cf2c48000 r--p 0000a000 08:11 4985497                    /lib/x86_64-linux-gnu/libnss_files-2.23.so
7f0cf2c48000-7f0cf2c49000 rw-p 0000b000 08:11 4985497                    /lib/x86_64-linux-gnu/libnss_files-2.23.so
7f0cf2c49000-7f0cf2c4f000 rw-p 00000000 00:00 0 
7f0cf2c4f000-7f0cf2c5a000 r-xp 00000000 08:11 4985508                    /lib/x86_64-linux-gnu/libnss_nis-2.23.so
7f0cf2c5a000-7f0cf2e59000 ---p 0000b000 08:11 4985508                    /lib/x86_64-linux-gnu/libnss_nis-2.23.so
7f0cf2e59000-7f0cf2e5a000 r--p 0000a000 08:11 4985508                    /lib/x86_64-linux-gnu/libnss_nis-2.23.so
7f0cf2e5a000-7f0cf2e5b000 rw-p 0000b000 08:11 4985508                    /lib/x86_64-linux-gnu/libnss_nis-2.23.so
7f0cf2e5b000-7f0cf2e71000 r-xp 00000000 08:11 4985491                    /lib/x86_64-linux-gnu/libnsl-2.23.so
7f0cf2e71000-7f0cf3070000 ---p 00016000 08:11 4985491                    /lib/x86_64-linux-gnu/libnsl-2.23.so
7f0cf3070000-7f0cf3071000 r--p 00015000 08:11 4985491                    /lib/x86_64-linux-gnu/libnsl-2.23.so
7f0cf3071000-7f0cf3072000 rw-p 00016000 08:11 4985491                    /lib/x86_64-linux-gnu/libnsl-2.23.so
7f0cf3072000-7f0cf3074000 rw-p 00000000 00:00 0 
7f0cf3074000-7f0cf307c000 r-xp 00000000 08:11 4985493                    /lib/x86_64-linux-gnu/libnss_compat-2.23.so
7f0cf307c000-7f0cf327b000 ---p 00008000 08:11 4985493                    /lib/x86_64-linux-gnu/libnss_compat-2.23.so
7f0cf327b000-7f0cf327c000 r--p 00007000 08:11 4985493                    /lib/x86_64-linux-gnu/libnss_compat-2.23.so
7f0cf327c000-7f0cf327d000 rw-p 00008000 08:11 4985493                    /lib/x86_64-linux-gnu/libnss_compat-2.23.so
7f0cf327d000-7f0cf32aa000 r-xp 00000000 08:11 1997389                    /usr/lib/jvm/java-8-openjdk-amd64/jre/lib/amd64/libjava.so
7f0cf32aa000-7f0cf34a9000 ---p 0002d000 08:11 1997389                    /usr/lib/jvm/java-8-openjdk-amd64/jre/lib/amd64/libjava.so
7f0cf34a9000-7f0cf34aa000 r--p 0002c000 08:11 1997389                    /usr/lib/jvm/java-8-openjdk-amd64/jre/lib/amd64/libjava.so
7f0cf34aa000-7f0cf34ac000 rw-p 0002d000 08:11 1997389                    /usr/lib/jvm/java-8-openjdk-amd64/jre/lib/amd64/libjava.so
7f0cf34ac000-7f0cf34bb000 r-xp 00000000 08:11 1966642                    /usr/lib/jvm/java-8-openjdk-amd64/jre/lib/amd64/libverify.so
7f0cf34bb000-7f0cf36ba000 ---p 0000f000 08:11 1966642                    /usr/lib/jvm/java-8-openjdk-amd64/jre/lib/amd64/libverify.so
7f0cf36ba000-7f0cf36bc000 r--p 0000e000 08:11 1966642                    /usr/lib/jvm/java-8-openjdk-amd64/jre/lib/amd64/libverify.so
7f0cf36bc000-7f0cf36bd000 rw-p 00010000 08:11 1966642                    /usr/lib/jvm/java-8-openjdk-amd64/jre/lib/amd64/libverify.so
7f0cf36bd000-7f0cf36c4000 r-xp 00000000 08:11 4985553                    /lib/x86_64-linux-gnu/librt-2.23.so
7f0cf36c4000-7f0cf38c3000 ---p 00007000 08:11 4985553                    /lib/x86_64-linux-gnu/librt-2.23.so
7f0cf38c3000-7f0cf38c4000 r--p 00006000 08:11 4985553                    /lib/x86_64-linux-gnu/librt-2.23.so
7f0cf38c4000-7f0cf38c5000 rw-p 00007000 08:11 4985553                    /lib/x86_64-linux-gnu/librt-2.23.so
7f0cf38c5000-7f0cf38db000 r-xp 00000000 08:11 4985438                    /lib/x86_64-linux-gnu/libgcc_s.so.1
7f0cf38db000-7f0cf3ada000 ---p 00016000 08:11 4985438                    /lib/x86_64-linux-gnu/libgcc_s.so.1
7f0cf3ada000-7f0cf3adb000 rw-p 00015000 08:11 4985438                    /lib/x86_64-linux-gnu/libgcc_s.so.1
7f0cf3adb000-7f0cf3be3000 r-xp 00000000 08:11 4985470                    /lib/x86_64-linux-gnu/libm-2.23.so
7f0cf3be3000-7f0cf3de2000 ---p 00108000 08:11 4985470                    /lib/x86_64-linux-gnu/libm-2.23.so
7f0cf3de2000-7f0cf3de3000 r--p 00107000 08:11 4985470                    /lib/x86_64-linux-gnu/libm-2.23.so
7f0cf3de3000-7f0cf3de4000 rw-p 00108000 08:11 4985470                    /lib/x86_64-linux-gnu/libm-2.23.so
7f0cf3de4000-7f0cf3f56000 r-xp 00000000 08:11 534720                     /usr/lib/x86_64-linux-gnu/libstdc++.so.6.0.21
7f0cf3f56000-7f0cf4156000 ---p 00172000 08:11 534720                     /usr/lib/x86_64-linux-gnu/libstdc++.so.6.0.21
7f0cf4156000-7f0cf4160000 r--p 00172000 08:11 534720                     /usr/lib/x86_64-linux-gnu/libstdc++.so.6.0.21
7f0cf4160000-7f0cf4162000 rw-p 0017c000 08:11 534720                     /usr/lib/x86_64-linux-gnu/libstdc++.so.6.0.21
7f0cf4162000-7f0cf4166000 rw-p 00000000 00:00 0 
7f0cf4166000-7f0cf4dbf000 r-xp 00000000 08:11 2117049                    /usr/lib/jvm/java-8-openjdk-amd64/jre/lib/amd64/server/libjvm.so
7f0cf4dbf000-7f0cf4fbf000 ---p 00c59000 08:11 2117049                    /usr/lib/jvm/java-8-openjdk-amd64/jre/lib/amd64/server/libjvm.so
7f0cf4fbf000-7f0cf5052000 r--p 00c59000 08:11 2117049                    /usr/lib/jvm/java-8-openjdk-amd64/jre/lib/amd64/server/libjvm.so
7f0cf5052000-7f0cf507b000 rw-p 00cec000 08:11 2117049                    /usr/lib/jvm/java-8-openjdk-amd64/jre/lib/amd64/server/libjvm.so
7f0cf507b000-7f0cf50ab000 rw-p 00000000 00:00 0 
7f0cf50ab000-7f0cf50c3000 r-xp 00000000 08:11 4985545                    /lib/x86_64-linux-gnu/libpthread-2.23.so
7f0cf50c3000-7f0cf52c2000 ---p 00018000 08:11 4985545                    /lib/x86_64-linux-gnu/libpthread-2.23.so
7f0cf52c2000-7f0cf52c3000 r--p 00017000 08:11 4985545                    /lib/x86_64-linux-gnu/libpthread-2.23.so
7f0cf52c3000-7f0cf52c4000 rw-p 00018000 08:11 4985545                    /lib/x86_64-linux-gnu/libpthread-2.23.so
7f0cf52c4000-7f0cf52c8000 rw-p 00000000 00:00 0 
7f0cf52c8000-7f0cf52cb000 r-xp 00000000 08:11 4985424                    /lib/x86_64-linux-gnu/libdl-2.23.so
7f0cf52cb000-7f0cf54ca000 ---p 00003000 08:11 4985424                    /lib/x86_64-linux-gnu/libdl-2.23.so
7f0cf54ca000-7f0cf54cb000 r--p 00002000 08:11 4985424                    /lib/x86_64-linux-gnu/libdl-2.23.so
7f0cf54cb000-7f0cf54cc000 rw-p 00003000 08:11 4985424                    /lib/x86_64-linux-gnu/libdl-2.23.so
7f0cf54cc000-7f0cf54e5000 r-xp 00000000 08:11 4985589                    /lib/x86_64-linux-gnu/libz.so.1.2.8
7f0cf54e5000-7f0cf56e4000 ---p 00019000 08:11 4985589                    /lib/x86_64-linux-gnu/libz.so.1.2.8
7f0cf56e4000-7f0cf56e5000 r--p 00018000 08:11 4985589                    /lib/x86_64-linux-gnu/libz.so.1.2.8
7f0cf56e5000-7f0cf56e6000 rw-p 00019000 08:11 4985589                    /lib/x86_64-linux-gnu/libz.so.1.2.8
7f0cf56e6000-7f0cf58a6000 r-xp 00000000 08:11 4985402                    /lib/x86_64-linux-gnu/libc-2.23.so
7f0cf58a6000-7f0cf5aa6000 ---p 001c0000 08:11 4985402                    /lib/x86_64-linux-gnu/libc-2.23.so
7f0cf5aa6000-7f0cf5aaa000 r--p 001c0000 08:11 4985402                    /lib/x86_64-linux-gnu/libc-2.23.so
7f0cf5aaa000-7f0cf5aac000 rw-p 001c4000 08:11 4985402                    /lib/x86_64-linux-gnu/libc-2.23.so
7f0cf5aac000-7f0cf5ab0000 rw-p 00000000 00:00 0 
7f0cf5ab0000-7f0cf5abd000 r-xp 00000000 08:11 2244957                    /usr/lib/jvm/java-8-openjdk-amd64/jre/lib/amd64/jli/libjli.so
7f0cf5abd000-7f0cf5cbd000 ---p 0000d000 08:11 2244957                    /usr/lib/jvm/java-8-openjdk-amd64/jre/lib/amd64/jli/libjli.so
7f0cf5cbd000-7f0cf5cbe000 r--p 0000d000 08:11 2244957                    /usr/lib/jvm/java-8-openjdk-amd64/jre/lib/amd64/jli/libjli.so
7f0cf5cbe000-7f0cf5cbf000 rw-p 0000e000 08:11 2244957                    /usr/lib/jvm/java-8-openjdk-amd64/jre/lib/amd64/jli/libjli.so
7f0cf5cbf000-7f0cf5ce5000 r-xp 00000000 08:11 4985374                    /lib/x86_64-linux-gnu/ld-2.23.so
7f0cf5ce6000-7f0cf5ceb000 r--s 0009d000 08:11 935669                     /usr/lib/jvm/java-8-openjdk-amd64/jre/lib/jsse.jar
7f0cf5ceb000-7f0cf5cee000 r--s 00038000 08:11 1049942                    /usr/lib/jvm/java-8-openjdk-amd64/jre/lib/ext/sunpkcs11.jar
7f0cf5cee000-7f0cf5cf8000 r--s 00116000 08:11 1050063                    /usr/lib/jvm/java-8-openjdk-amd64/jre/lib/ext/localedata.jar
7f0cf5cf8000-7f0cf5dc3000 rw-p 00000000 00:00 0 
7f0cf5dc3000-7f0cf5dc6000 ---p 00000000 00:00 0 
7f0cf5dc6000-7f0cf5ec8000 rw-p 00000000 00:00 0 
7f0cf5eca000-7f0cf5ecb000 r--s 00010000 08:11 1049940                    /usr/lib/jvm/java-8-openjdk-amd64/jre/lib/ext/zipfs.jar
7f0cf5ecb000-7f0cf5ecd000 r--s 00001000 08:11 1049941                    /usr/lib/jvm/java-8-openjdk-amd64/jre/lib/ext/dnsns.jar
7f0cf5ecd000-7f0cf5ecf000 r--s 00008000 08:11 1049939                    /usr/lib/jvm/java-8-openjdk-amd64/jre/lib/ext/sunec.jar
7f0cf5ecf000-7f0cf5ed0000 r--s 0000a000 08:11 1050061                    /usr/lib/jvm/java-8-openjdk-amd64/jre/lib/ext/jaccess.jar
7f0cf5ed0000-7f0cf5ed3000 r--s 0000f000 08:11 1049945                    /usr/lib/jvm/java-8-openjdk-amd64/jre/lib/ext/icedtea-sound.jar
7f0cf5ed3000-7f0cf5ed9000 r--s 0003b000 08:11 1049944                    /usr/lib/jvm/java-8-openjdk-amd64/jre/lib/ext/sunjce_provider.jar
7f0cf5ed9000-7f0cf5ee1000 rw-s 00000000 08:11 1865235                    /tmp/hsperfdata_dobler/7539
7f0cf5ee1000-7f0cf5ee2000 rw-p 00000000 00:00 0 
7f0cf5ee2000-7f0cf5ee3000 r--p 00000000 00:00 0 
7f0cf5ee3000-7f0cf5ee4000 rw-p 00000000 00:00 0 
7f0cf5ee4000-7f0cf5ee5000 r--p 00025000 08:11 4985374                    /lib/x86_64-linux-gnu/ld-2.23.so
7f0cf5ee5000-7f0cf5ee6000 rw-p 00026000 08:11 4985374                    /lib/x86_64-linux-gnu/ld-2.23.so
7f0cf5ee6000-7f0cf5ee7000 rw-p 00000000 00:00 0 
7ffc0e51a000-7ffc0e53b000 rw-p 00000000 00:00 0                          [stack]
7ffc0e5ef000-7ffc0e5f2000 r--p 00000000 00:00 0                          [vvar]
7ffc0e5f2000-7ffc0e5f4000 r-xp 00000000 00:00 0                          [vdso]
ffffffffff600000-ffffffffff601000 r-xp 00000000 00:00 0                  [vsyscall]

VM Arguments:
java_command: cliente.Cliente
java_class_path (initial): .
Launcher Type: SUN_STANDARD

Environment Variables:
PATH=/home/dobler/bin:/home/dobler/.local/bin:/usr/local/sbin:/usr/local/bin:/usr/sbin:/usr/bin:/sbin:/bin:/usr/games:/usr/local/games:/snap/bin
USERNAME=dobler
SHELL=/bin/bash
DISPLAY=:1

Signal Handlers:
SIGSEGV: [libjvm.so+0xa6e6f0], sa_mask[0]=11111111011111111101111111111110, sa_flags=SA_RESTART|SA_SIGINFO
SIGBUS: [libjvm.so+0xa6e6f0], sa_mask[0]=11111111011111111101111111111110, sa_flags=SA_RESTART|SA_SIGINFO
SIGFPE: [libjvm.so+0x8b5d50], sa_mask[0]=11111111011111111101111111111110, sa_flags=SA_RESTART|SA_SIGINFO
SIGPIPE: [libjvm.so+0x8b5d50], sa_mask[0]=11111111011111111101111111111110, sa_flags=SA_RESTART|SA_SIGINFO
SIGXFSZ: [libjvm.so+0x8b5d50], sa_mask[0]=11111111011111111101111111111110, sa_flags=SA_RESTART|SA_SIGINFO
SIGILL: [libjvm.so+0x8b5d50], sa_mask[0]=11111111011111111101111111111110, sa_flags=SA_RESTART|SA_SIGINFO
SIGUSR1: SIG_DFL, sa_mask[0]=00000000000000000000000000000000, sa_flags=none
SIGUSR2: [libjvm.so+0x8b5c00], sa_mask[0]=00000000000000000000000000000000, sa_flags=SA_RESTART|SA_SIGINFO
SIGHUP: [libjvm.so+0x8b60d0], sa_mask[0]=11111111011111111101111111111110, sa_flags=SA_RESTART|SA_SIGINFO
SIGINT: [libjvm.so+0x8b60d0], sa_mask[0]=11111111011111111101111111111110, sa_flags=SA_RESTART|SA_SIGINFO
SIGTERM: [libjvm.so+0x8b60d0], sa_mask[0]=11111111011111111101111111111110, sa_flags=SA_RESTART|SA_SIGINFO
SIGQUIT: [libjvm.so+0x8b60d0], sa_mask[0]=11111111011111111101111111111110, sa_flags=SA_RESTART|SA_SIGINFO


---------------  S Y S T E M  ---------------

OS:DISTRIB_ID=Ubuntu
DISTRIB_RELEASE=16.04
DISTRIB_CODENAME=xenial
DISTRIB_DESCRIPTION="Ubuntu 16.04.4 LTS"

uname:Linux 4.13.0-45-generic #50~16.04.1-Ubuntu SMP Wed May 30 11:18:27 UTC 2018 x86_64
libc:glibc 2.23 NPTL 2.23 
rlimit: STACK 8192k, CORE 0k, NPROC 31480, NOFILE 1048576, AS infinity
load average:0,68 0,65 0,72

/proc/meminfo:
MemTotal:        8119240 kB
MemFree:         3272624 kB
MemAvailable:    4712040 kB
Buffers:          134392 kB
Cached:          1516020 kB
SwapCached:            0 kB
Active:          3587496 kB
Inactive:         853332 kB
Active(anon):    2792712 kB
Inactive(anon):    39416 kB
Active(file):     794784 kB
Inactive(file):   813916 kB
Unevictable:         240 kB
Mlocked:             240 kB
SwapTotal:       8336380 kB
SwapFree:        8336380 kB
Dirty:                 4 kB
Writeback:            60 kB
AnonPages:       2787392 kB
Mapped:           537948 kB
Shmem:             41888 kB
Slab:             193452 kB
SReclaimable:      99968 kB
SUnreclaim:        93484 kB
KernelStack:        9952 kB
PageTables:        38748 kB
NFS_Unstable:          0 kB
Bounce:                0 kB
WritebackTmp:          0 kB
CommitLimit:    12396000 kB
Committed_AS:    6571980 kB
VmallocTotal:   34359738367 kB
VmallocUsed:           0 kB
VmallocChunk:          0 kB
HardwareCorrupted:     0 kB
AnonHugePages:         0 kB
ShmemHugePages:        0 kB
ShmemPmdMapped:        0 kB
CmaTotal:              0 kB
CmaFree:               0 kB
HugePages_Total:       0
HugePages_Free:        0
HugePages_Rsvd:        0
HugePages_Surp:        0
Hugepagesize:       2048 kB
DirectMap4k:      431732 kB
DirectMap2M:     5810176 kB
DirectMap1G:     3145728 kB


CPU:total 4 (initial active 4) (4 cores per cpu, 1 threads per core) family 6 model 60 stepping 3, cmov, cx8, fxsr, mmx, sse, sse2, sse3, ssse3, sse4.1, sse4.2, popcnt, avx, avx2, aes, clmul, erms, lzcnt, tsc, tscinvbit, bmi1, bmi2

/proc/cpuinfo:
processor	: 0
vendor_id	: GenuineIntel
cpu family	: 6
model		: 60
model name	: Intel(R) Core(TM) i5-4430 CPU @ 3.00GHz
stepping	: 3
microcode	: 0x24
cpu MHz		: 1737.009
cache size	: 6144 KB
physical id	: 0
siblings	: 4
core id		: 0
cpu cores	: 4
apicid		: 0
initial apicid	: 0
fpu		: yes
fpu_exception	: yes
cpuid level	: 13
wp		: yes
flags		: fpu vme de pse tsc msr pae mce cx8 apic sep mtrr pge mca cmov pat pse36 clflush dts acpi mmx fxsr sse sse2 ss ht tm pbe syscall nx pdpe1gb rdtscp lm constant_tsc arch_perfmon pebs bts rep_good nopl xtopology nonstop_tsc cpuid aperfmperf pni pclmulqdq dtes64 monitor ds_cpl vmx est tm2 ssse3 sdbg fma cx16 xtpr pdcm pcid sse4_1 sse4_2 x2apic movbe popcnt tsc_deadline_timer aes xsave avx f16c rdrand lahf_lm abm cpuid_fault epb invpcid_single pti retpoline spec_ctrl tpr_shadow vnmi flexpriority ept vpid fsgsbase tsc_adjust bmi1 avx2 smep bmi2 erms invpcid xsaveopt dtherm ida arat pln pts
bugs		: cpu_meltdown spectre_v1 spectre_v2 spec_store_bypass
bogomips	: 5986.09
clflush size	: 64
cache_alignment	: 64
address sizes	: 39 bits physical, 48 bits virtual
power management:

processor	: 1
vendor_id	: GenuineIntel
cpu family	: 6
model		: 60
model name	: Intel(R) Core(TM) i5-4430 CPU @ 3.00GHz
stepping	: 3
microcode	: 0x24
cpu MHz		: 1768.696
cache size	: 6144 KB
physical id	: 0
siblings	: 4
core id		: 1
cpu cores	: 4
apicid		: 2
initial apicid	: 2
fpu		: yes
fpu_exception	: yes
cpuid level	: 13
wp		: yes
flags		: fpu vme de pse tsc msr pae mce cx8 apic sep mtrr pge mca cmov pat pse36 clflush dts acpi mmx fxsr sse sse2 ss ht tm pbe syscall nx pdpe1gb rdtscp lm constant_tsc arch_perfmon pebs bts rep_good nopl xtopology nonstop_tsc cpuid aperfmperf pni pclmulqdq dtes64 monitor ds_cpl vmx est tm2 ssse3 sdbg fma cx16 xtpr pdcm pcid sse4_1 sse4_2 x2apic movbe popcnt tsc_deadline_timer aes xsave avx f16c rdrand lahf_lm abm cpuid_fault epb invpcid_single pti retpoline spec_ctrl tpr_shadow vnmi flexpriority ept vpid fsgsbase tsc_adjust bmi1 avx2 smep bmi2 erms invpcid xsaveopt dtherm ida arat pln pts
bugs		: cpu_meltdown spectre_v1 spectre_v2 spec_store_bypass
bogomips	: 5986.09
clflush size	: 64
cache_alignment	: 64
address sizes	: 39 bits physical, 48 bits virtual
power management:

processor	: 2
vendor_id	: GenuineIntel
cpu family	: 6
model		: 60
model name	: Intel(R) Core(TM) i5-4430 CPU @ 3.00GHz
stepping	: 3
microcode	: 0x24
cpu MHz		: 1745.577
cache size	: 6144 KB
physical id	: 0
siblings	: 4
core id		: 2
cpu cores	: 4
apicid		: 4
initial apicid	: 4
fpu		: yes
fpu_exception	: yes
cpuid level	: 13
wp		: yes
flags		: fpu vme de pse tsc msr pae mce cx8 apic sep mtrr pge mca cmov pat pse36 clflush dts acpi mmx fxsr sse sse2 ss ht tm pbe syscall nx pdpe1gb rdtscp lm constant_tsc arch_perfmon pebs bts rep_good nopl xtopology nonstop_tsc cpuid aperfmperf pni pclmulqdq dtes64 monitor ds_cpl vmx est tm2 ssse3 sdbg fma cx16 xtpr pdcm pcid sse4_1 sse4_2 x2apic movbe popcnt tsc_deadline_timer aes xsave avx f16c rdrand lahf_lm abm cpuid_fault epb invpcid_single pti retpoline spec_ctrl tpr_shadow vnmi flexpriority ept vpid fsgsbase tsc_adjust bmi1 avx2 smep bmi2 erms invpcid xsaveopt dtherm ida arat pln pts
bugs		: cpu_meltdown spectre_v1 spectre_v2 spec_store_bypass
bogomips	: 5986.09
clflush size	: 64
cache_alignment	: 64
address sizes	: 39 bits physical, 48 bits virtual
power management:

processor	: 3
vendor_id	: GenuineIntel
cpu family	: 6
model		: 60
model name	: Intel(R) Core(TM) i5-4430 CPU @ 3.00GHz
stepping	: 3
microcode	: 0x24
cpu MHz		: 1763.782
cache size	: 6144 KB
physical id	: 0
siblings	: 4
core id		: 3
cpu cores	: 4
apicid		: 6
initial apicid	: 6
fpu		: yes
fpu_exception	: yes
cpuid level	: 13
wp		: yes
flags		: fpu vme de pse tsc msr pae mce cx8 apic sep mtrr pge mca cmov pat pse36 clflush dts acpi mmx fxsr sse sse2 ss ht tm pbe syscall nx pdpe1gb rdtscp lm constant_tsc arch_perfmon pebs bts rep_good nopl xtopology nonstop_tsc cpuid aperfmperf pni pclmulqdq dtes64 monitor ds_cpl vmx est tm2 ssse3 sdbg fma cx16 xtpr pdcm pcid sse4_1 sse4_2 x2apic movbe popcnt tsc_deadline_timer aes xsave avx f16c rdrand lahf_lm abm cpuid_fault epb invpcid_single pti retpoline spec_ctrl tpr_shadow vnmi flexpriority ept vpid fsgsbase tsc_adjust bmi1 avx2 smep bmi2 erms invpcid xsaveopt dtherm ida arat pln pts
bugs		: cpu_meltdown spectre_v1 spectre_v2 spec_store_bypass
bogomips	: 5986.09
clflush size	: 64
cache_alignment	: 64
address sizes	: 39 bits physical, 48 bits virtual
power management:



Memory: 4k page, physical 8119240k(3275548k free), swap 8336380k(8336380k free)

vm_info: OpenJDK 64-Bit Server VM (25.171-b11) for linux-amd64 JRE (1.8.0_171-8u171-b11-0ubuntu0.16.04.1-b11), built on Apr 27 2018 17:19:03 by "buildd" with gcc 5.4.0 20160609

time: Sun Jun 17 22:31:44 2018
elapsed time: 184 seconds (0d 0h 3m 4s)

